<?xml version="1.0" encoding="UTF-8"?>
<!-- Generated by org.testng.reporters.JUnitReportReporter -->
<testsuite hostname="LAPTOP-118G3PNT" failures="0" tests="1" name="com.ind.Test.LeadPageTest" time="36.341" errors="0" timestamp="2023-06-28T12:46:08 IST" skipped="0">
  <testcase classname="com.ind.Test.LeadPageTest" name="createlead" time="36.341"/>
  <system-out/>
</testsuite> <!-- com.ind.Test.LeadPageTest -->
